CRITICAL - 2023-04-18 22:22:01 --> syntax error, unexpected token ":"
in APPPATH\Config\Routes.php on line 40.
 1 SYSTEMPATH\CodeIgniter.php(802): CodeIgniter\Router\RouteCollection->loadRoutes()
 2 SYSTEMPATH\CodeIgniter.php(449): CodeIgniter\CodeIgniter->tryToRouteIt(null)
 3 SYSTEMPATH\CodeIgniter.php(368): CodeIgniter\CodeIgniter->handleRequest(null, Object(Config\Cache), false)
 4 FCPATH\index.php(67): CodeIgniter\CodeIgniter->run()
CRITICAL - 2023-04-18 22:22:03 --> syntax error, unexpected token ":"
in APPPATH\Config\Routes.php on line 40.
 1 SYSTEMPATH\CodeIgniter.php(802): CodeIgniter\Router\RouteCollection->loadRoutes()
 2 SYSTEMPATH\CodeIgniter.php(449): CodeIgniter\CodeIgniter->tryToRouteIt(null)
 3 SYSTEMPATH\CodeIgniter.php(368): CodeIgniter\CodeIgniter->handleRequest(null, Object(Config\Cache), false)
 4 FCPATH\index.php(67): CodeIgniter\CodeIgniter->run()
CRITICAL - 2023-04-18 22:22:05 --> syntax error, unexpected token ":"
in APPPATH\Config\Routes.php on line 40.
 1 SYSTEMPATH\CodeIgniter.php(802): CodeIgniter\Router\RouteCollection->loadRoutes()
 2 SYSTEMPATH\CodeIgniter.php(449): CodeIgniter\CodeIgniter->tryToRouteIt(null)
 3 SYSTEMPATH\CodeIgniter.php(368): CodeIgniter\CodeIgniter->handleRequest(null, Object(Config\Cache), false)
 4 FCPATH\index.php(67): CodeIgniter\CodeIgniter->run()
CRITICAL - 2023-04-18 22:26:10 --> syntax error, unexpected token ":"
in APPPATH\Config\Routes.php on line 40.
 1 SYSTEMPATH\CodeIgniter.php(802): CodeIgniter\Router\RouteCollection->loadRoutes()
 2 SYSTEMPATH\CodeIgniter.php(449): CodeIgniter\CodeIgniter->tryToRouteIt(null)
 3 SYSTEMPATH\CodeIgniter.php(368): CodeIgniter\CodeIgniter->handleRequest(null, Object(Config\Cache), false)
 4 FCPATH\index.php(67): CodeIgniter\CodeIgniter->run()
CRITICAL - 2023-04-18 22:27:31 --> syntax error, unexpected token ":"
in APPPATH\Config\Routes.php on line 40.
 1 SYSTEMPATH\CodeIgniter.php(802): CodeIgniter\Router\RouteCollection->loadRoutes()
 2 SYSTEMPATH\CodeIgniter.php(449): CodeIgniter\CodeIgniter->tryToRouteIt(null)
 3 SYSTEMPATH\CodeIgniter.php(368): CodeIgniter\CodeIgniter->handleRequest(null, Object(Config\Cache), false)
 4 FCPATH\index.php(67): CodeIgniter\CodeIgniter->run()
CRITICAL - 2023-04-18 22:27:32 --> syntax error, unexpected token ":"
in APPPATH\Config\Routes.php on line 40.
 1 SYSTEMPATH\CodeIgniter.php(802): CodeIgniter\Router\RouteCollection->loadRoutes()
 2 SYSTEMPATH\CodeIgniter.php(449): CodeIgniter\CodeIgniter->tryToRouteIt(null)
 3 SYSTEMPATH\CodeIgniter.php(368): CodeIgniter\CodeIgniter->handleRequest(null, Object(Config\Cache), false)
 4 FCPATH\index.php(67): CodeIgniter\CodeIgniter->run()
CRITICAL - 2023-04-18 22:27:35 --> syntax error, unexpected token ":"
in APPPATH\Config\Routes.php on line 40.
 1 SYSTEMPATH\CodeIgniter.php(802): CodeIgniter\Router\RouteCollection->loadRoutes()
 2 SYSTEMPATH\CodeIgniter.php(449): CodeIgniter\CodeIgniter->tryToRouteIt(null)
 3 SYSTEMPATH\CodeIgniter.php(368): CodeIgniter\CodeIgniter->handleRequest(null, Object(Config\Cache), false)
 4 FCPATH\index.php(67): CodeIgniter\CodeIgniter->run()
CRITICAL - 2023-04-18 22:27:38 --> syntax error, unexpected token ":"
in APPPATH\Config\Routes.php on line 40.
 1 SYSTEMPATH\CodeIgniter.php(802): CodeIgniter\Router\RouteCollection->loadRoutes()
 2 SYSTEMPATH\CodeIgniter.php(449): CodeIgniter\CodeIgniter->tryToRouteIt(null)
 3 SYSTEMPATH\CodeIgniter.php(368): CodeIgniter\CodeIgniter->handleRequest(null, Object(Config\Cache), false)
 4 FCPATH\index.php(67): CodeIgniter\CodeIgniter->run()
CRITICAL - 2023-04-18 22:32:19 --> Class "codeigniter\Model" not found
in APPPATH\Models\PersonaModel.php on line 5.
 1 SYSTEMPATH\Autoloader\Autoloader.php(312): include_once()
 2 SYSTEMPATH\Autoloader\Autoloader.php(289): CodeIgniter\Autoloader\Autoloader->includeFile('C:\\xampp\\htdocs\\code\\app\\Models\\PersonaModel.php')
 3 SYSTEMPATH\Autoloader\Autoloader.php(267): CodeIgniter\Autoloader\Autoloader->loadInNamespace('App\\Models\\PersonaModel')
 4 APPPATH\Controllers\PersonaController.php(6): CodeIgniter\Autoloader\Autoloader->loadClass('App\\Models\\PersonaModel')
 5 SYSTEMPATH\CodeIgniter.php(934): App\Controllers\PersonaController->index()
 6 SYSTEMPATH\CodeIgniter.php(499): CodeIgniter\CodeIgniter->runController(Object(App\Controllers\PersonaController))
 7 SYSTEMPATH\CodeIgniter.php(368): CodeIgniter\CodeIgniter->handleRequest(null, Object(Config\Cache), false)
 8 FCPATH\index.php(67): CodeIgniter\CodeIgniter->run()
CRITICAL - 2023-04-18 22:37:09 --> Undefined array key "nombre"
in APPPATH\Views\persona\index.php on line 29.
 1 APPPATH\Views\persona\index.php(29): CodeIgniter\Debug\Exceptions->errorHandler(2, 'Undefined array key "nombre"', 'C:\\xampp\\htdocs\\code\\app\\Views\\persona\\index.php', 29)
 2 SYSTEMPATH\View\View.php(213): include('C:\\xampp\\htdocs\\code\\app\\Views\\persona\\index.php')
 3 SYSTEMPATH\View\View.php(216): CodeIgniter\View\View->CodeIgniter\View\{closure}()
 4 SYSTEMPATH\Common.php(1184): CodeIgniter\View\View->render('persona/index', [], true)
 5 APPPATH\Controllers\PersonaController.php(8): view('persona/index', [...])
 6 SYSTEMPATH\CodeIgniter.php(934): App\Controllers\PersonaController->index()
 7 SYSTEMPATH\CodeIgniter.php(499): CodeIgniter\CodeIgniter->runController(Object(App\Controllers\PersonaController))
 8 SYSTEMPATH\CodeIgniter.php(368): CodeIgniter\CodeIgniter->handleRequest(null, Object(Config\Cache), false)
 9 FCPATH\index.php(67): CodeIgniter\CodeIgniter->run()
CRITICAL - 2023-04-18 22:47:35 --> Invalid file: "layouts/inc/navbar.php"
in SYSTEMPATH\Exceptions\FrameworkException.php on line 33.
 1 SYSTEMPATH\View\View.php(201): CodeIgniter\Exceptions\FrameworkException::forInvalidFile('layouts/inc/navbar.php')
 2 SYSTEMPATH\View\View.php(431): CodeIgniter\View\View->render('layouts/inc/navbar.php', null, true)
 3 APPPATH\Views\layouts\frontend.php(19): CodeIgniter\View\View->include('layouts/inc/navbar.php')
 4 SYSTEMPATH\View\View.php(213): include('C:\\xampp\\htdocs\\code\\app\\Views\\layouts\\frontend.php')
 5 SYSTEMPATH\View\View.php(216): CodeIgniter\View\View->CodeIgniter\View\{closure}()
 6 SYSTEMPATH\View\View.php(229): CodeIgniter\View\View->render('layouts/frontend.php', [], true)
 7 SYSTEMPATH\Common.php(1184): CodeIgniter\View\View->render('persona/index', [], true)
 8 APPPATH\Controllers\PersonaController.php(8): view('persona/index', [...])
 9 SYSTEMPATH\CodeIgniter.php(934): App\Controllers\PersonaController->index()
10 SYSTEMPATH\CodeIgniter.php(499): CodeIgniter\CodeIgniter->runController(Object(App\Controllers\PersonaController))
11 SYSTEMPATH\CodeIgniter.php(368): CodeIgniter\CodeIgniter->handleRequest(null, Object(Config\Cache), false)
12 FCPATH\index.php(67): CodeIgniter\CodeIgniter->run()
CRITICAL - 2023-04-18 22:47:35 --> Invalid file: "layouts/inc/navbar.php"
in SYSTEMPATH\Exceptions\FrameworkException.php on line 33.
 1 SYSTEMPATH\View\View.php(201): CodeIgniter\Exceptions\FrameworkException::forInvalidFile('layouts/inc/navbar.php')
 2 SYSTEMPATH\View\View.php(431): CodeIgniter\View\View->render('layouts/inc/navbar.php', null, true)
 3 APPPATH\Views\layouts\frontend.php(19): CodeIgniter\View\View->include('layouts/inc/navbar.php')
 4 SYSTEMPATH\View\View.php(213): include('C:\\xampp\\htdocs\\code\\app\\Views\\layouts\\frontend.php')
 5 SYSTEMPATH\View\View.php(216): CodeIgniter\View\View->CodeIgniter\View\{closure}()
 6 SYSTEMPATH\View\View.php(229): CodeIgniter\View\View->render('layouts/frontend.php', [], true)
 7 SYSTEMPATH\Common.php(1184): CodeIgniter\View\View->render('persona/index', [], true)
 8 APPPATH\Controllers\PersonaController.php(8): view('persona/index', [...])
 9 SYSTEMPATH\CodeIgniter.php(934): App\Controllers\PersonaController->index()
10 SYSTEMPATH\CodeIgniter.php(499): CodeIgniter\CodeIgniter->runController(Object(App\Controllers\PersonaController))
11 SYSTEMPATH\CodeIgniter.php(368): CodeIgniter\CodeIgniter->handleRequest(null, Object(Config\Cache), false)
12 FCPATH\index.php(67): CodeIgniter\CodeIgniter->run()
CRITICAL - 2023-04-18 22:47:36 --> Invalid file: "layouts/inc/navbar.php"
in SYSTEMPATH\Exceptions\FrameworkException.php on line 33.
 1 SYSTEMPATH\View\View.php(201): CodeIgniter\Exceptions\FrameworkException::forInvalidFile('layouts/inc/navbar.php')
 2 SYSTEMPATH\View\View.php(431): CodeIgniter\View\View->render('layouts/inc/navbar.php', null, true)
 3 APPPATH\Views\layouts\frontend.php(19): CodeIgniter\View\View->include('layouts/inc/navbar.php')
 4 SYSTEMPATH\View\View.php(213): include('C:\\xampp\\htdocs\\code\\app\\Views\\layouts\\frontend.php')
 5 SYSTEMPATH\View\View.php(216): CodeIgniter\View\View->CodeIgniter\View\{closure}()
 6 SYSTEMPATH\View\View.php(229): CodeIgniter\View\View->render('layouts/frontend.php', [], true)
 7 SYSTEMPATH\Common.php(1184): CodeIgniter\View\View->render('persona/index', [], true)
 8 APPPATH\Controllers\PersonaController.php(8): view('persona/index', [...])
 9 SYSTEMPATH\CodeIgniter.php(934): App\Controllers\PersonaController->index()
10 SYSTEMPATH\CodeIgniter.php(499): CodeIgniter\CodeIgniter->runController(Object(App\Controllers\PersonaController))
11 SYSTEMPATH\CodeIgniter.php(368): CodeIgniter\CodeIgniter->handleRequest(null, Object(Config\Cache), false)
12 FCPATH\index.php(67): CodeIgniter\CodeIgniter->run()
CRITICAL - 2023-04-18 22:47:36 --> Invalid file: "layouts/inc/navbar.php"
in SYSTEMPATH\Exceptions\FrameworkException.php on line 33.
 1 SYSTEMPATH\View\View.php(201): CodeIgniter\Exceptions\FrameworkException::forInvalidFile('layouts/inc/navbar.php')
 2 SYSTEMPATH\View\View.php(431): CodeIgniter\View\View->render('layouts/inc/navbar.php', null, true)
 3 APPPATH\Views\layouts\frontend.php(19): CodeIgniter\View\View->include('layouts/inc/navbar.php')
 4 SYSTEMPATH\View\View.php(213): include('C:\\xampp\\htdocs\\code\\app\\Views\\layouts\\frontend.php')
 5 SYSTEMPATH\View\View.php(216): CodeIgniter\View\View->CodeIgniter\View\{closure}()
 6 SYSTEMPATH\View\View.php(229): CodeIgniter\View\View->render('layouts/frontend.php', [], true)
 7 SYSTEMPATH\Common.php(1184): CodeIgniter\View\View->render('persona/index', [], true)
 8 APPPATH\Controllers\PersonaController.php(8): view('persona/index', [...])
 9 SYSTEMPATH\CodeIgniter.php(934): App\Controllers\PersonaController->index()
10 SYSTEMPATH\CodeIgniter.php(499): CodeIgniter\CodeIgniter->runController(Object(App\Controllers\PersonaController))
11 SYSTEMPATH\CodeIgniter.php(368): CodeIgniter\CodeIgniter->handleRequest(null, Object(Config\Cache), false)
12 FCPATH\index.php(67): CodeIgniter\CodeIgniter->run()
CRITICAL - 2023-04-18 22:47:36 --> Invalid file: "layouts/inc/navbar.php"
in SYSTEMPATH\Exceptions\FrameworkException.php on line 33.
 1 SYSTEMPATH\View\View.php(201): CodeIgniter\Exceptions\FrameworkException::forInvalidFile('layouts/inc/navbar.php')
 2 SYSTEMPATH\View\View.php(431): CodeIgniter\View\View->render('layouts/inc/navbar.php', null, true)
 3 APPPATH\Views\layouts\frontend.php(19): CodeIgniter\View\View->include('layouts/inc/navbar.php')
 4 SYSTEMPATH\View\View.php(213): include('C:\\xampp\\htdocs\\code\\app\\Views\\layouts\\frontend.php')
 5 SYSTEMPATH\View\View.php(216): CodeIgniter\View\View->CodeIgniter\View\{closure}()
 6 SYSTEMPATH\View\View.php(229): CodeIgniter\View\View->render('layouts/frontend.php', [], true)
 7 SYSTEMPATH\Common.php(1184): CodeIgniter\View\View->render('persona/index', [], true)
 8 APPPATH\Controllers\PersonaController.php(8): view('persona/index', [...])
 9 SYSTEMPATH\CodeIgniter.php(934): App\Controllers\PersonaController->index()
10 SYSTEMPATH\CodeIgniter.php(499): CodeIgniter\CodeIgniter->runController(Object(App\Controllers\PersonaController))
11 SYSTEMPATH\CodeIgniter.php(368): CodeIgniter\CodeIgniter->handleRequest(null, Object(Config\Cache), false)
12 FCPATH\index.php(67): CodeIgniter\CodeIgniter->run()
CRITICAL - 2023-04-18 22:47:38 --> Invalid file: "layouts/inc/navbar.php"
in SYSTEMPATH\Exceptions\FrameworkException.php on line 33.
 1 SYSTEMPATH\View\View.php(201): CodeIgniter\Exceptions\FrameworkException::forInvalidFile('layouts/inc/navbar.php')
 2 SYSTEMPATH\View\View.php(431): CodeIgniter\View\View->render('layouts/inc/navbar.php', null, true)
 3 APPPATH\Views\layouts\frontend.php(19): CodeIgniter\View\View->include('layouts/inc/navbar.php')
 4 SYSTEMPATH\View\View.php(213): include('C:\\xampp\\htdocs\\code\\app\\Views\\layouts\\frontend.php')
 5 SYSTEMPATH\View\View.php(216): CodeIgniter\View\View->CodeIgniter\View\{closure}()
 6 SYSTEMPATH\View\View.php(229): CodeIgniter\View\View->render('layouts/frontend.php', [], true)
 7 SYSTEMPATH\Common.php(1184): CodeIgniter\View\View->render('persona/index', [], true)
 8 APPPATH\Controllers\PersonaController.php(8): view('persona/index', [...])
 9 SYSTEMPATH\CodeIgniter.php(934): App\Controllers\PersonaController->index()
10 SYSTEMPATH\CodeIgniter.php(499): CodeIgniter\CodeIgniter->runController(Object(App\Controllers\PersonaController))
11 SYSTEMPATH\CodeIgniter.php(368): CodeIgniter\CodeIgniter->handleRequest(null, Object(Config\Cache), false)
12 FCPATH\index.php(67): CodeIgniter\CodeIgniter->run()
CRITICAL - 2023-04-18 22:59:02 --> Invalid file: "layouts/inc/navbar.php"
in SYSTEMPATH\Exceptions\FrameworkException.php on line 33.
 1 SYSTEMPATH\View\View.php(201): CodeIgniter\Exceptions\FrameworkException::forInvalidFile('layouts/inc/navbar.php')
 2 SYSTEMPATH\View\View.php(431): CodeIgniter\View\View->render('layouts/inc/navbar.php', null, true)
 3 APPPATH\Views\layouts\frontend.php(19): CodeIgniter\View\View->include('layouts/inc/navbar.php')
 4 SYSTEMPATH\View\View.php(213): include('C:\\xampp\\htdocs\\code\\app\\Views\\layouts\\frontend.php')
 5 SYSTEMPATH\View\View.php(216): CodeIgniter\View\View->CodeIgniter\View\{closure}()
 6 SYSTEMPATH\View\View.php(229): CodeIgniter\View\View->render('layouts/frontend.php', [], true)
 7 SYSTEMPATH\Common.php(1184): CodeIgniter\View\View->render('persona/index', [], true)
 8 APPPATH\Controllers\PersonaController.php(8): view('persona/index', [...])
 9 SYSTEMPATH\CodeIgniter.php(934): App\Controllers\PersonaController->index()
10 SYSTEMPATH\CodeIgniter.php(499): CodeIgniter\CodeIgniter->runController(Object(App\Controllers\PersonaController))
11 SYSTEMPATH\CodeIgniter.php(368): CodeIgniter\CodeIgniter->handleRequest(null, Object(Config\Cache), false)
12 FCPATH\index.php(67): CodeIgniter\CodeIgniter->run()
CRITICAL - 2023-04-18 23:03:00 --> Invalid file: "layouts/inc/navbar.php"
in SYSTEMPATH\Exceptions\FrameworkException.php on line 33.
 1 SYSTEMPATH\View\View.php(201): CodeIgniter\Exceptions\FrameworkException::forInvalidFile('layouts/inc/navbar.php')
 2 SYSTEMPATH\View\View.php(431): CodeIgniter\View\View->render('layouts/inc/navbar.php', null, true)
 3 APPPATH\Views\layouts\frontend.php(19): CodeIgniter\View\View->include('layouts/inc/navbar.php')
 4 SYSTEMPATH\View\View.php(213): include('C:\\xampp\\htdocs\\code\\app\\Views\\layouts\\frontend.php')
 5 SYSTEMPATH\View\View.php(216): CodeIgniter\View\View->CodeIgniter\View\{closure}()
 6 SYSTEMPATH\View\View.php(229): CodeIgniter\View\View->render('layouts/frontend.php', [], true)
 7 SYSTEMPATH\Common.php(1184): CodeIgniter\View\View->render('persona/index', [], true)
 8 APPPATH\Controllers\PersonaController.php(8): view('persona/index', [...])
 9 SYSTEMPATH\CodeIgniter.php(934): App\Controllers\PersonaController->index()
10 SYSTEMPATH\CodeIgniter.php(499): CodeIgniter\CodeIgniter->runController(Object(App\Controllers\PersonaController))
11 SYSTEMPATH\CodeIgniter.php(368): CodeIgniter\CodeIgniter->handleRequest(null, Object(Config\Cache), false)
12 FCPATH\index.php(67): CodeIgniter\CodeIgniter->run()
CRITICAL - 2023-04-18 23:04:07 --> Invalid file: "layouts/inc/navbar.php"
in SYSTEMPATH\Exceptions\FrameworkException.php on line 33.
 1 SYSTEMPATH\View\View.php(201): CodeIgniter\Exceptions\FrameworkException::forInvalidFile('layouts/inc/navbar.php')
 2 SYSTEMPATH\View\View.php(431): CodeIgniter\View\View->render('layouts/inc/navbar.php', null, true)
 3 APPPATH\Views\layouts\frontend.php(19): CodeIgniter\View\View->include('layouts/inc/navbar.php')
 4 SYSTEMPATH\View\View.php(213): include('C:\\xampp\\htdocs\\code\\app\\Views\\layouts\\frontend.php')
 5 SYSTEMPATH\View\View.php(216): CodeIgniter\View\View->CodeIgniter\View\{closure}()
 6 SYSTEMPATH\View\View.php(229): CodeIgniter\View\View->render('layouts/frontend.php', [], true)
 7 SYSTEMPATH\Common.php(1184): CodeIgniter\View\View->render('persona/index', [], true)
 8 APPPATH\Controllers\PersonaController.php(8): view('persona/index', [...])
 9 SYSTEMPATH\CodeIgniter.php(934): App\Controllers\PersonaController->index()
10 SYSTEMPATH\CodeIgniter.php(499): CodeIgniter\CodeIgniter->runController(Object(App\Controllers\PersonaController))
11 SYSTEMPATH\CodeIgniter.php(368): CodeIgniter\CodeIgniter->handleRequest(null, Object(Config\Cache), false)
12 FCPATH\index.php(67): CodeIgniter\CodeIgniter->run()
CRITICAL - 2023-04-18 23:11:24 --> Invalid file: "layouts/inc/navbar.php"
in SYSTEMPATH\Exceptions\FrameworkException.php on line 33.
 1 SYSTEMPATH\View\View.php(201): CodeIgniter\Exceptions\FrameworkException::forInvalidFile('layouts/inc/navbar.php')
 2 SYSTEMPATH\View\View.php(431): CodeIgniter\View\View->render('layouts/inc/navbar.php', null, true)
 3 APPPATH\Views\layouts\frontend.php(19): CodeIgniter\View\View->include('layouts/inc/navbar.php')
 4 SYSTEMPATH\View\View.php(213): include('C:\\xampp\\htdocs\\code\\app\\Views\\layouts\\frontend.php')
 5 SYSTEMPATH\View\View.php(216): CodeIgniter\View\View->CodeIgniter\View\{closure}()
 6 SYSTEMPATH\View\View.php(229): CodeIgniter\View\View->render('layouts/frontend.php', [], true)
 7 SYSTEMPATH\Common.php(1184): CodeIgniter\View\View->render('persona/index', [], true)
 8 APPPATH\Controllers\PersonaController.php(8): view('persona/index', [...])
 9 SYSTEMPATH\CodeIgniter.php(934): App\Controllers\PersonaController->index()
10 SYSTEMPATH\CodeIgniter.php(499): CodeIgniter\CodeIgniter->runController(Object(App\Controllers\PersonaController))
11 SYSTEMPATH\CodeIgniter.php(368): CodeIgniter\CodeIgniter->handleRequest(null, Object(Config\Cache), false)
12 FCPATH\index.php(67): CodeIgniter\CodeIgniter->run()
CRITICAL - 2023-04-18 23:11:24 --> Invalid file: "layouts/inc/navbar.php"
in SYSTEMPATH\Exceptions\FrameworkException.php on line 33.
 1 SYSTEMPATH\View\View.php(201): CodeIgniter\Exceptions\FrameworkException::forInvalidFile('layouts/inc/navbar.php')
 2 SYSTEMPATH\View\View.php(431): CodeIgniter\View\View->render('layouts/inc/navbar.php', null, true)
 3 APPPATH\Views\layouts\frontend.php(19): CodeIgniter\View\View->include('layouts/inc/navbar.php')
 4 SYSTEMPATH\View\View.php(213): include('C:\\xampp\\htdocs\\code\\app\\Views\\layouts\\frontend.php')
 5 SYSTEMPATH\View\View.php(216): CodeIgniter\View\View->CodeIgniter\View\{closure}()
 6 SYSTEMPATH\View\View.php(229): CodeIgniter\View\View->render('layouts/frontend.php', [], true)
 7 SYSTEMPATH\Common.php(1184): CodeIgniter\View\View->render('persona/index', [], true)
 8 APPPATH\Controllers\PersonaController.php(8): view('persona/index', [...])
 9 SYSTEMPATH\CodeIgniter.php(934): App\Controllers\PersonaController->index()
10 SYSTEMPATH\CodeIgniter.php(499): CodeIgniter\CodeIgniter->runController(Object(App\Controllers\PersonaController))
11 SYSTEMPATH\CodeIgniter.php(368): CodeIgniter\CodeIgniter->handleRequest(null, Object(Config\Cache), false)
12 FCPATH\index.php(67): CodeIgniter\CodeIgniter->run()
CRITICAL - 2023-04-18 23:19:57 --> Invalid file: "layouts/inc/navbar.php"
in SYSTEMPATH\Exceptions\FrameworkException.php on line 33.
 1 SYSTEMPATH\View\View.php(201): CodeIgniter\Exceptions\FrameworkException::forInvalidFile('layouts/inc/navbar.php')
 2 SYSTEMPATH\View\View.php(431): CodeIgniter\View\View->render('layouts/inc/navbar.php', null, true)
 3 APPPATH\Views\layouts\frontend.php(19): CodeIgniter\View\View->include('layouts/inc/navbar.php')
 4 SYSTEMPATH\View\View.php(213): include('C:\\xampp\\htdocs\\code\\app\\Views\\layouts\\frontend.php')
 5 SYSTEMPATH\View\View.php(216): CodeIgniter\View\View->CodeIgniter\View\{closure}()
 6 SYSTEMPATH\View\View.php(229): CodeIgniter\View\View->render('layouts/frontend.php', [], true)
 7 SYSTEMPATH\Common.php(1184): CodeIgniter\View\View->render('persona/index', [], true)
 8 APPPATH\Controllers\PersonaController.php(8): view('persona/index', [...])
 9 SYSTEMPATH\CodeIgniter.php(934): App\Controllers\PersonaController->index()
10 SYSTEMPATH\CodeIgniter.php(499): CodeIgniter\CodeIgniter->runController(Object(App\Controllers\PersonaController))
11 SYSTEMPATH\CodeIgniter.php(368): CodeIgniter\CodeIgniter->handleRequest(null, Object(Config\Cache), false)
12 FCPATH\index.php(67): CodeIgniter\CodeIgniter->run()
CRITICAL - 2023-04-18 23:20:04 --> Invalid file: "layouts/inc/navbar.php"
in SYSTEMPATH\Exceptions\FrameworkException.php on line 33.
 1 SYSTEMPATH\View\View.php(201): CodeIgniter\Exceptions\FrameworkException::forInvalidFile('layouts/inc/navbar.php')
 2 SYSTEMPATH\View\View.php(431): CodeIgniter\View\View->render('layouts/inc/navbar.php', null, true)
 3 APPPATH\Views\layouts\frontend.php(19): CodeIgniter\View\View->include('layouts/inc/navbar.php')
 4 SYSTEMPATH\View\View.php(213): include('C:\\xampp\\htdocs\\code\\app\\Views\\layouts\\frontend.php')
 5 SYSTEMPATH\View\View.php(216): CodeIgniter\View\View->CodeIgniter\View\{closure}()
 6 SYSTEMPATH\View\View.php(229): CodeIgniter\View\View->render('layouts/frontend.php', [], true)
 7 SYSTEMPATH\Common.php(1184): CodeIgniter\View\View->render('persona/index', [], true)
 8 APPPATH\Controllers\PersonaController.php(8): view('persona/index', [...])
 9 SYSTEMPATH\CodeIgniter.php(934): App\Controllers\PersonaController->index()
10 SYSTEMPATH\CodeIgniter.php(499): CodeIgniter\CodeIgniter->runController(Object(App\Controllers\PersonaController))
11 SYSTEMPATH\CodeIgniter.php(368): CodeIgniter\CodeIgniter->handleRequest(null, Object(Config\Cache), false)
12 FCPATH\index.php(67): CodeIgniter\CodeIgniter->run()
CRITICAL - 2023-04-18 23:40:14 --> Invalid file: "layouts/inc/navbar.php"
in SYSTEMPATH\Exceptions\FrameworkException.php on line 33.
 1 SYSTEMPATH\View\View.php(201): CodeIgniter\Exceptions\FrameworkException::forInvalidFile('layouts/inc/navbar.php')
 2 SYSTEMPATH\View\View.php(431): CodeIgniter\View\View->render('layouts/inc/navbar.php', null, true)
 3 APPPATH\Views\layouts\frontend.php(19): CodeIgniter\View\View->include('layouts/inc/navbar.php')
 4 SYSTEMPATH\View\View.php(213): include('C:\\xampp\\htdocs\\code\\app\\Views\\layouts\\frontend.php')
 5 SYSTEMPATH\View\View.php(216): CodeIgniter\View\View->CodeIgniter\View\{closure}()
 6 SYSTEMPATH\View\View.php(229): CodeIgniter\View\View->render('layouts/frontend.php', [], true)
 7 SYSTEMPATH\Common.php(1184): CodeIgniter\View\View->render('persona/index', [], true)
 8 APPPATH\Controllers\PersonaController.php(8): view('persona/index', [...])
 9 SYSTEMPATH\CodeIgniter.php(934): App\Controllers\PersonaController->index()
10 SYSTEMPATH\CodeIgniter.php(499): CodeIgniter\CodeIgniter->runController(Object(App\Controllers\PersonaController))
11 SYSTEMPATH\CodeIgniter.php(368): CodeIgniter\CodeIgniter->handleRequest(null, Object(Config\Cache), false)
12 FCPATH\index.php(67): CodeIgniter\CodeIgniter->run()
CRITICAL - 2023-04-18 23:54:02 --> Invalid file: "layouts/frontend.php"
in SYSTEMPATH\Exceptions\FrameworkException.php on line 33.
 1 SYSTEMPATH\View\View.php(201): CodeIgniter\Exceptions\FrameworkException::forInvalidFile('layouts/frontend.php')
 2 SYSTEMPATH\View\View.php(229): CodeIgniter\View\View->render('layouts/frontend.php', [], true)
 3 SYSTEMPATH\Common.php(1184): CodeIgniter\View\View->render('persona/index', [], true)
 4 APPPATH\Controllers\PersonaController.php(8): view('persona/index', [...])
 5 SYSTEMPATH\CodeIgniter.php(934): App\Controllers\PersonaController->index()
 6 SYSTEMPATH\CodeIgniter.php(499): CodeIgniter\CodeIgniter->runController(Object(App\Controllers\PersonaController))
 7 SYSTEMPATH\CodeIgniter.php(368): CodeIgniter\CodeIgniter->handleRequest(null, Object(Config\Cache), false)
 8 FCPATH\index.php(67): CodeIgniter\CodeIgniter->run()
CRITICAL - 2023-04-18 23:54:03 --> Invalid file: "layouts/frontend.php"
in SYSTEMPATH\Exceptions\FrameworkException.php on line 33.
 1 SYSTEMPATH\View\View.php(201): CodeIgniter\Exceptions\FrameworkException::forInvalidFile('layouts/frontend.php')
 2 SYSTEMPATH\View\View.php(229): CodeIgniter\View\View->render('layouts/frontend.php', [], true)
 3 SYSTEMPATH\Common.php(1184): CodeIgniter\View\View->render('persona/index', [], true)
 4 APPPATH\Controllers\PersonaController.php(8): view('persona/index', [...])
 5 SYSTEMPATH\CodeIgniter.php(934): App\Controllers\PersonaController->index()
 6 SYSTEMPATH\CodeIgniter.php(499): CodeIgniter\CodeIgniter->runController(Object(App\Controllers\PersonaController))
 7 SYSTEMPATH\CodeIgniter.php(368): CodeIgniter\CodeIgniter->handleRequest(null, Object(Config\Cache), false)
 8 FCPATH\index.php(67): CodeIgniter\CodeIgniter->run()
